[2026-02-27 22:27:19,733] 1025 httpx - INFO - HTTP Request: GET https://dagshub.com/api/v1/user "HTTP/1.1 200 OK"
[2026-02-27 22:27:19,759] 107 dagshub - INFO - Accessing as UrDailyCs
[2026-02-27 22:27:20,790] 1025 httpx - INFO - HTTP Request: GET https://dagshub.com/api/v1/repos/UrDailyCs/networksecurity "HTTP/1.1 200 OK"
[2026-02-27 22:27:21,730] 1025 httpx - INFO - HTTP Request: GET https://dagshub.com/api/v1/user "HTTP/1.1 200 OK"
[2026-02-27 22:27:21,732] 107 dagshub - INFO - Initialized MLflow to track repo "UrDailyCs/networksecurity"
[2026-02-27 22:27:21,733] 107 dagshub - INFO - Repository UrDailyCs/networksecurity initialized!
[2026-02-27 22:27:39,763] 20 root - INFO - Start Data Ingestion
[2026-02-27 22:27:58,158] 62 root - INFO - Performed train test split on the dataframe
[2026-02-27 22:27:58,158] 63 root - INFO - Exited split_data_as_train_test method
[2026-02-27 22:27:58,158] 67 root - INFO - Exporting train and test file path
[2026-02-27 22:27:58,272] 74 root - INFO - Exported train and test file path
[2026-02-27 22:27:58,272] 23 root - INFO - Data Ingestion Completed and artifact : DataIngestionArtifact(trained_file_path='Artifacts\\02_27_2026_22_27_16\\data_ingestion\\Ingested\\train.csv', test_file_path='Artifacts\\02_27_2026_22_27_16\\data_ingestion\\Ingested\\test.csv')
[2026-02-27 22:27:58,317] 32 root - INFO - Initiate Data Valiadation
[2026-02-27 22:27:58,425] 31 root - INFO - required number of columns = 2
[2026-02-27 22:27:58,425] 32 root - INFO - Dataframe has 31 columns
[2026-02-27 22:27:58,425] 31 root - INFO - required number of columns = 2
[2026-02-27 22:27:58,425] 32 root - INFO - Dataframe has 31 columns
[2026-02-27 22:27:58,612] 43 root - INFO - Initiate data transformation
[2026-02-27 22:27:58,612] 52 root - INFO - Entered Data transformation
[2026-02-27 22:27:58,612] 54 root - INFO - starting transform
[2026-02-27 22:27:58,659] 40 root - INFO - Entered get_data_transformer_object method of transformation class
[2026-02-27 22:27:58,659] 44 root - INFO - initiated KNN mputer with {'missing_values': nan, 'n_neighbors': 3, 'weights': 'uniform'}
[2026-02-27 22:27:58,678] 38 root - INFO - Entered the save object from method of MainUtils Class
[2026-02-27 22:27:58,682] 42 root - INFO - Exited the save object method of MainUtils class
[2026-02-27 22:27:58,682] 38 root - INFO - Entered the save object from method of MainUtils Class
[2026-02-27 22:27:58,692] 42 root - INFO - Exited the save object method of MainUtils class
[2026-02-27 22:27:58,692] 56 root - INFO - start model trainer
[2026-02-27 22:30:37,085] 38 root - INFO - Entered the save object from method of MainUtils Class
[2026-02-27 22:30:37,111] 42 root - INFO - Exited the save object method of MainUtils class
[2026-02-27 22:30:37,112] 38 root - INFO - Entered the save object from method of MainUtils Class
[2026-02-27 22:30:37,119] 42 root - INFO - Exited the save object method of MainUtils class
[2026-02-27 22:30:37,119] 113 root - INFO - Model Trainer Arifact ModelTrainerArtifact(trained_model_file_path='Artifacts\\02_27_2026_22_27_16\\model_trainer\\trained_model\\model.pkl', train_metric_artifact=ClassificationMetricArtifact(f1_score=0.9909100090899909, precision_score=0.9906098546042004, recall_score=0.9912103455243484), test_metric_artifact=ClassificationMetricArtifact(f1_score=0.9871582435791217, precision_score=0.9879767827529021, recall_score=0.9863410596026491))
