[2025-11-17 05:28:34,166] 15 root - INFO - Inititate data ingesstion
[2025-11-17 05:28:44,143] 62 root - INFO - Performed train test split on the dataframe
[2025-11-17 05:28:44,143] 63 root - INFO - Exited split_data_as_train_test method
[2025-11-17 05:28:44,143] 67 root - INFO - Exporting train and test file path
[2025-11-17 05:28:44,225] 74 root - INFO - Exported train and test file path
[2025-11-17 05:28:44,226] 18 root - INFO - initiation completed
[2025-11-17 05:28:44,226] 19 root - INFO - DataIngestionArtifact(trained_file_path='Artifacts\\11_17_2025_05_28_31\\data_ingestion\\Ingested\\train.csv', test_file_path='Artifacts\\11_17_2025_05_28_31\\data_ingestion\\Ingested\\test.csv')
[2025-11-17 05:28:44,258] 23 root - INFO - Initiate data validation
[2025-11-17 05:28:44,326] 31 root - INFO - required number of columns = 2
[2025-11-17 05:28:44,326] 32 root - INFO - Dataframe has 31 columns
[2025-11-17 05:28:44,326] 31 root - INFO - required number of columns = 2
[2025-11-17 05:28:44,326] 32 root - INFO - Dataframe has 31 columns
[2025-11-17 05:28:44,512] 25 root - INFO - Data validation completed
[2025-11-17 05:28:44,512] 28 root - INFO - data transformation started
[2025-11-17 05:28:44,512] 52 root - INFO - Entered Data transformation
[2025-11-17 05:28:44,512] 54 root - INFO - starting transform
[2025-11-17 05:28:44,561] 40 root - INFO - Entered get_data_transformer_object method of transformation class
[2025-11-17 05:28:44,561] 44 root - INFO - initiated KNN mputer with {'missing_values': nan, 'n_neighbors': 3, 'weights': 'uniform'}
[2025-11-17 05:28:44,579] 38 root - INFO - Entered the save object from method of MainUtils Class
[2025-11-17 05:28:44,583] 42 root - INFO - Exited the save object method of MainUtils class
[2025-11-17 05:28:44,586] 32 root - INFO - data transformation finished
[2025-11-17 05:28:44,586] 34 root - INFO - Model Training started
[2025-11-17 05:30:52,531] 38 root - INFO - Entered the save object from method of MainUtils Class
[2025-11-17 05:30:52,588] 42 root - INFO - Exited the save object method of MainUtils class
[2025-11-17 05:30:52,588] 109 root - INFO - Model Trainer Arifact ModelTrainerArtifact(trained_model_file_path='Artifacts\\11_17_2025_05_28_31\\model_trainer\\trained_model\\model.pkl', train_metric_artifact=ClassificationMetricArtifact(f1_score=0.9910175082466379, precision_score=0.9878591663294213, recall_score=0.9941961103757255), test_metric_artifact=ClassificationMetricArtifact(f1_score=0.9846276701936514, precision_score=0.980127186009539, recall_score=0.9891696750902527))
[2025-11-17 05:30:52,589] 38 root - INFO - Model Training artifact created
