[2026-01-14 22:07:40,640] 1025 httpx - INFO - HTTP Request: GET https://dagshub.com/api/v1/user "HTTP/1.1 200 OK"
[2026-01-14 22:07:40,656] 107 dagshub - INFO - Accessing as UrDailyCs
[2026-01-14 22:07:41,776] 1025 httpx - INFO - HTTP Request: GET https://dagshub.com/api/v1/repos/UrDailyCs/networksecurity "HTTP/1.1 200 OK"
[2026-01-14 22:07:44,282] 1025 httpx - INFO - HTTP Request: GET https://dagshub.com/api/v1/user "HTTP/1.1 200 OK"
[2026-01-14 22:07:44,282] 107 dagshub - INFO - Initialized MLflow to track repo "UrDailyCs/networksecurity"
[2026-01-14 22:07:44,282] 107 dagshub - INFO - Repository UrDailyCs/networksecurity initialized!
[2026-01-14 22:07:44,282] 15 root - INFO - Inititate data ingesstion
[2026-01-14 22:12:55,825] 62 root - INFO - Performed train test split on the dataframe
[2026-01-14 22:12:55,825] 63 root - INFO - Exited split_data_as_train_test method
[2026-01-14 22:12:55,825] 67 root - INFO - Exporting train and test file path
[2026-01-14 22:12:55,903] 74 root - INFO - Exported train and test file path
[2026-01-14 22:12:55,904] 18 root - INFO - initiation completed
[2026-01-14 22:12:55,904] 19 root - INFO - DataIngestionArtifact(trained_file_path='Artifacts\\01_14_2026_22_07_31\\data_ingestion\\Ingested\\train.csv', test_file_path='Artifacts\\01_14_2026_22_07_31\\data_ingestion\\Ingested\\test.csv')
[2026-01-14 22:12:55,968] 23 root - INFO - Initiate data validation
[2026-01-14 22:12:56,192] 31 root - INFO - required number of columns = 2
[2026-01-14 22:12:56,192] 32 root - INFO - Dataframe has 31 columns
[2026-01-14 22:12:56,192] 31 root - INFO - required number of columns = 2
[2026-01-14 22:12:56,193] 32 root - INFO - Dataframe has 31 columns
[2026-01-14 22:12:56,384] 25 root - INFO - Data validation completed
[2026-01-14 22:12:56,384] 28 root - INFO - data transformation started
[2026-01-14 22:12:56,384] 52 root - INFO - Entered Data transformation
[2026-01-14 22:12:56,384] 54 root - INFO - starting transform
[2026-01-14 22:12:56,426] 40 root - INFO - Entered get_data_transformer_object method of transformation class
[2026-01-14 22:12:56,426] 44 root - INFO - initiated KNN mputer with {'missing_values': nan, 'n_neighbors': 3, 'weights': 'uniform'}
[2026-01-14 22:12:56,450] 38 root - INFO - Entered the save object from method of MainUtils Class
[2026-01-14 22:12:56,452] 42 root - INFO - Exited the save object method of MainUtils class
[2026-01-14 22:12:56,452] 38 root - INFO - Entered the save object from method of MainUtils Class
[2026-01-14 22:12:56,452] 42 root - INFO - Exited the save object method of MainUtils class
[2026-01-14 22:12:56,452] 32 root - INFO - data transformation finished
[2026-01-14 22:12:56,452] 34 root - INFO - Model Training started
[2026-01-14 22:16:38,219] 38 root - INFO - Entered the save object from method of MainUtils Class
[2026-01-14 22:16:38,489] 42 root - INFO - Exited the save object method of MainUtils class
[2026-01-14 22:16:38,489] 38 root - INFO - Entered the save object from method of MainUtils Class
[2026-01-14 22:16:38,520] 42 root - INFO - Exited the save object method of MainUtils class
[2026-01-14 22:16:38,520] 113 root - INFO - Model Trainer Arifact ModelTrainerArtifact(trained_model_file_path='Artifacts\\01_14_2026_22_07_31\\model_trainer\\trained_model\\model.pkl', train_metric_artifact=ClassificationMetricArtifact(f1_score=0.9913901616232818, precision_score=0.9900442477876106, recall_score=0.9927397398406776), test_metric_artifact=ClassificationMetricArtifact(f1_score=0.9848390446521287, precision_score=0.9805624483043838, recall_score=0.9891531080517313))
[2026-01-14 22:16:38,520] 38 root - INFO - Model Training artifact created
