[2025-11-09 22:24:32,386] 15 root - INFO - Inititate data ingesstion
[2025-11-09 22:24:38,582] 62 root - INFO - Performed train test split on the dataframe
[2025-11-09 22:24:38,582] 63 root - INFO - Exited split_data_as_train_test method
[2025-11-09 22:24:38,582] 67 root - INFO - Exporting train and test file path
[2025-11-09 22:24:38,645] 74 root - INFO - Exported train and test file path
[2025-11-09 22:24:38,645] 18 root - INFO - initiation completed
[2025-11-09 22:24:38,645] 19 root - INFO - DataIngestionArtifact(trained_file_path='Artifacts\\11_09_2025_22_24_31\\data_ingestion\\Ingested\\train.csv', test_file_path='Artifacts\\11_09_2025_22_24_31\\data_ingestion\\Ingested\\test.csv')
[2025-11-09 22:24:38,661] 23 root - INFO - Initiate data validation
[2025-11-09 22:24:38,725] 31 root - INFO - required number of columns = 2
[2025-11-09 22:24:38,725] 32 root - INFO - Dataframe has 31 columns
[2025-11-09 22:24:38,725] 31 root - INFO - required number of columns = 2
[2025-11-09 22:24:38,725] 32 root - INFO - Dataframe has 31 columns
[2025-11-09 22:24:38,944] 25 root - INFO - Data validation completed
[2025-11-09 22:24:38,944] 28 root - INFO - data transformation started
[2025-11-09 22:24:38,944] 52 root - INFO - Entered Data transformation
[2025-11-09 22:24:38,944] 54 root - INFO - starting transform
[2025-11-09 22:24:38,975] 40 root - INFO - Entered get_data_transformer_object method of transformation class
[2025-11-09 22:24:38,975] 44 root - INFO - initiated KNN mputer with {'missing_values': nan, 'n_neighbors': 3, 'weights': 'uniform'}
[2025-11-09 22:24:38,999] 38 root - INFO - Entered the save object from method of MainUtils Class
[2025-11-09 22:24:39,047] 42 root - INFO - Exited the save object method of MainUtils class
[2025-11-09 22:24:39,047] 32 root - INFO - data transformation finished
[2025-11-09 22:24:39,047] 34 root - INFO - Model Training started
[2025-11-09 22:26:41,834] 38 root - INFO - Entered the save object from method of MainUtils Class
[2025-11-09 22:26:41,917] 42 root - INFO - Exited the save object method of MainUtils class
[2025-11-09 22:26:41,917] 96 root - INFO - Model Trainer Arifact ModelTrainerArtifact(trained_model_file_path='Artifacts\\11_09_2025_22_24_31\\model_trainer\\trained_model\\model.pkl', train_metric_artifact=ClassificationMetricArtifact(f1_score=0.990807983342644, precision_score=0.9889497161394971, recall_score=0.9926732471761474), test_metric_artifact=ClassificationMetricArtifact(f1_score=0.9889669007021064, precision_score=0.9867894315452362, recall_score=0.9911540008041817))
[2025-11-09 22:26:41,917] 38 root - INFO - Model Training artifact created
