[2026-02-05 22:50:42,684] 1025 httpx - INFO - HTTP Request: GET https://dagshub.com/api/v1/user "HTTP/1.1 200 OK"
[2026-02-05 22:50:42,684] 107 dagshub - INFO - Accessing as UrDailyCs
[2026-02-05 22:50:43,488] 1025 httpx - INFO - HTTP Request: GET https://dagshub.com/api/v1/repos/UrDailyCs/networksecurity "HTTP/1.1 200 OK"
[2026-02-05 22:50:44,204] 1025 httpx - INFO - HTTP Request: GET https://dagshub.com/api/v1/user "HTTP/1.1 200 OK"
[2026-02-05 22:50:44,206] 107 dagshub - INFO - Initialized MLflow to track repo "UrDailyCs/networksecurity"
[2026-02-05 22:50:44,206] 107 dagshub - INFO - Repository UrDailyCs/networksecurity initialized!
[2026-02-05 23:15:28,661] 20 root - INFO - Start Data Ingestion
[2026-02-05 23:15:37,386] 62 root - INFO - Performed train test split on the dataframe
[2026-02-05 23:15:37,386] 63 root - INFO - Exited split_data_as_train_test method
[2026-02-05 23:15:37,386] 67 root - INFO - Exporting train and test file path
[2026-02-05 23:15:37,541] 74 root - INFO - Exported train and test file path
[2026-02-05 23:15:37,543] 23 root - INFO - Data Ingestion Completed and artifact : DataIngestionArtifact(trained_file_path='Artifacts\\02_05_2026_22_50_36\\data_ingestion\\Ingested\\train.csv', test_file_path='Artifacts\\02_05_2026_22_50_36\\data_ingestion\\Ingested\\test.csv')
[2026-02-05 23:15:37,568] 32 root - INFO - Initiate Data Valiadation
[2026-02-05 23:15:37,633] 31 root - INFO - required number of columns = 2
[2026-02-05 23:15:37,633] 32 root - INFO - Dataframe has 31 columns
[2026-02-05 23:15:37,633] 31 root - INFO - required number of columns = 2
[2026-02-05 23:15:37,633] 32 root - INFO - Dataframe has 31 columns
[2026-02-05 23:15:37,885] 43 root - INFO - Initiate data transformation
[2026-02-05 23:15:37,885] 52 root - INFO - Entered Data transformation
[2026-02-05 23:15:37,885] 54 root - INFO - starting transform
[2026-02-05 23:15:37,927] 40 root - INFO - Entered get_data_transformer_object method of transformation class
[2026-02-05 23:15:37,927] 44 root - INFO - initiated KNN mputer with {'missing_values': nan, 'n_neighbors': 3, 'weights': 'uniform'}
[2026-02-05 23:15:37,972] 38 root - INFO - Entered the save object from method of MainUtils Class
[2026-02-05 23:15:37,995] 42 root - INFO - Exited the save object method of MainUtils class
[2026-02-05 23:15:37,995] 38 root - INFO - Entered the save object from method of MainUtils Class
[2026-02-05 23:15:38,006] 42 root - INFO - Exited the save object method of MainUtils class
[2026-02-05 23:15:38,007] 56 root - INFO - start model trainer
